SF:lib/src/extension/request_options_extension.dart
DA:4,3
DA:5,3
DA:8,1
DA:9,3
DA:10,0
DA:11,2
DA:13,2
DA:16,1
DA:17,3
DA:18,0
DA:19,3
DA:22,2
DA:24,1
DA:25,2
LF:14
LH:12
end_of_record
SF:lib/src/http_cache_manager_impl.dart
DA:4,1
DA:5,1
DA:8,1
DA:10,2
DA:11,3
DA:12,1
DA:15,1
DA:17,4
DA:18,0
DA:20,4
DA:21,0
DA:23,1
DA:25,1
DA:26,1
DA:27,1
DA:30,1
DA:33,1
DA:35,5
DA:37,1
DA:38,2
DA:39,2
DA:40,1
DA:42,1
DA:45,0
DA:46,0
DA:48,0
DA:50,0
DA:51,0
DA:53,0
DA:56,0
DA:59,0
DA:60,0
DA:61,0
DA:62,0
DA:66,1
DA:67,1
DA:68,3
DA:69,3
DA:71,0
DA:76,1
DA:77,1
DA:78,1
DA:79,1
DA:82,1
DA:83,1
DA:85,2
DA:89,0
DA:95,0
DA:100,0
DA:101,0
DA:104,0
DA:105,0
DA:106,0
DA:108,0
DA:110,0
DA:114,0
DA:115,0
DA:118,0
DA:120,0
DA:122,0
DA:123,0
DA:127,0
DA:130,0
DA:132,0
DA:133,0
DA:134,0
DA:135,0
DA:141,1
DA:142,2
DA:143,1
DA:144,1
DA:148,1
DA:150,1
DA:152,0
DA:153,0
DA:156,2
DA:157,1
DA:158,1
DA:160,1
DA:161,3
DA:165,1
DA:166,2
DA:168,1
DA:169,2
DA:171,0
DA:174,0
DA:178,1
DA:180,1
DA:181,2
DA:184,1
DA:186,3
DA:187,1
LF:92
LH:53
end_of_record
SF:lib/src/http_cache_manager.dart
DA:14,1
DA:18,1
DA:20,1
DA:22,1
DA:24,1
DA:25,1
DA:27,1
DA:29,0
DA:31,0
DA:34,1
DA:37,0
DA:40,0
DA:43,1
DA:48,4
DA:50,0
DA:51,0
DA:52,0
DA:54,0
DA:57,1
DA:59,1
DA:60,2
DA:62,1
LF:22
LH:14
end_of_record
SF:lib/src/models/http_cache_obj.dart
DA:14,1
DA:23,1
DA:30,1
DA:31,1
DA:34,1
DA:43,1
DA:44,3
DA:45,1
DA:46,3
DA:50,1
DA:52,2
DA:56,1
DA:58,2
DA:62,1
DA:66,2
DA:67,1
DA:68,1
DA:71,1
DA:72,1
DA:74,2
DA:75,2
LF:21
LH:21
end_of_record
SF:lib/src/models/http_cache_setting.dart
DA:17,1
DA:29,1
DA:30,1
DA:31,1
DA:32,1
DA:36,0
DA:37,0
DA:39,0
DA:40,0
LF:9
LH:5
end_of_record
SF:lib/src/repository/http_local_cache_repository.dart
DA:11,1
LF:1
LH:1
end_of_record
SF:lib/src/utils/builder_dio.dart
DA:7,0
DA:13,0
DA:21,1
DA:27,1
DA:37,1
DA:45,1
DA:46,2
DA:47,0
DA:48,0
DA:50,1
DA:51,4
DA:53,4
DA:56,4
DA:59,0
DA:62,0
DA:65,0
DA:66,0
LF:17
LH:9
end_of_record
SF:lib/src/utils/cache_encryption.dart
DA:2,1
DA:10,1
DA:11,1
DA:12,0
DA:17,1
DA:18,1
DA:19,0
LF:7
LH:5
end_of_record
SF:lib/src/cache/http_cache.dart
DA:4,1
LF:1
LH:1
end_of_record
SF:lib/src/cache/impl/http_disk_cache_impl.dart
DA:12,1
DA:25,1
DA:26,1
DA:27,1
DA:28,0
DA:29,1
DA:31,2
DA:32,3
DA:33,2
DA:35,2
DA:36,1
DA:37,1
DA:38,2
DA:40,1
DA:43,1
DA:44,2
DA:46,0
DA:47,0
DA:48,0
DA:50,0
DA:55,0
DA:56,0
DA:57,0
DA:58,0
DA:59,0
DA:60,0
DA:61,0
DA:62,0
DA:63,0
DA:64,0
DA:66,0
DA:68,0
DA:69,0
DA:72,0
DA:76,0
DA:77,0
DA:78,0
DA:80,0
DA:83,0
DA:84,0
DA:85,0
DA:88,0
DA:90,0
DA:91,0
DA:92,0
DA:93,0
DA:94,0
DA:95,0
DA:96,0
DA:97,0
DA:102,0
DA:107,1
DA:109,1
DA:113,2
DA:115,3
DA:118,2
DA:119,1
DA:122,2
DA:125,1
DA:126,2
DA:127,2
DA:128,1
DA:134,1
DA:136,1
DA:140,1
DA:141,1
DA:142,2
DA:144,1
DA:147,1
DA:149,1
DA:153,2
DA:155,3
DA:157,2
DA:158,2
DA:160,2
DA:161,1
DA:164,1
DA:166,1
DA:167,1
DA:170,1
DA:174,2
DA:176,3
DA:178,3
DA:179,1
DA:180,3
DA:183,1
DA:185,1
DA:189,3
DA:192,0
LF:89
LH:52
end_of_record
SF:lib/src/const/http_table_column_key.dart
DA:16,1
DA:20,3
DA:23,2
DA:24,1
DA:25,3
DA:26,3
DA:27,1
DA:28,2
DA:29,3
DA:30,2
DA:31,2
DA:32,2
DA:33,1
DA:34,1
LF:14
LH:14
end_of_record
SF:lib/src/utils/cache_utils.dart
DA:9,0
DA:11,1
DA:12,3
DA:13,1
DA:16,1
DA:17,1
DA:18,3
DA:19,1
DA:20,1
DA:22,1
DA:23,2
DA:24,3
DA:32,1
DA:33,1
DA:34,3
DA:35,1
DA:36,1
DA:41,1
DA:42,1
DA:43,0
DA:45,2
DA:48,1
DA:49,3
LF:23
LH:21
end_of_record
SF:lib/src/cache/impl/http_memory_cache_impl.dart
DA:12,0
DA:13,0
DA:16,0
DA:17,0
DA:18,0
DA:21,0
DA:23,0
DA:27,0
DA:28,0
DA:30,0
DA:32,0
DA:36,0
DA:38,0
DA:40,0
DA:42,0
DA:43,0
DA:47,0
DA:48,0
DA:49,0
DA:50,0
DA:51,0
DA:54,0
DA:55,0
DA:56,0
DA:57,0
DA:60,0
DA:61,0
DA:63,0
DA:64,0
DA:65,0
LF:30
LH:0
end_of_record
SF:lib/src/repository/impl/http_local_cache_repository_impl.dart
DA:6,1
DA:12,1
DA:14,2
DA:15,1
DA:16,2
DA:20,1
DA:22,2
DA:23,1
DA:24,2
DA:28,1
DA:30,1
DA:32,1
DA:35,2
DA:36,1
DA:37,2
DA:41,1
DA:43,1
DA:45,1
DA:48,1
DA:51,2
DA:53,1
DA:57,2
DA:58,3
DA:60,2
DA:61,0
DA:66,0
DA:67,0
DA:75,1
DA:78,1
DA:80,1
DA:81,4
DA:87,0
DA:90,0
DA:93,1
DA:95,3
DA:96,0
DA:98,3
DA:99,0
DA:101,3
DA:102,0
DA:103,0
DA:106,1
DA:107,2
DA:108,1
DA:109,2
DA:113,1
DA:116,1
DA:117,1
DA:118,1
DA:119,3
DA:120,3
LF:51
LH:42
end_of_record
