SF:lib/src/http_cache_manager_impl.dart
DA:4,2
DA:5,2
DA:8,2
DA:10,4
DA:11,6
DA:12,2
DA:15,2
DA:17,8
DA:18,0
DA:20,8
DA:21,0
DA:23,2
DA:25,2
DA:26,2
DA:27,2
DA:30,2
DA:33,2
DA:35,10
DA:37,2
DA:38,4
DA:39,4
DA:40,2
DA:42,2
DA:45,0
DA:46,0
DA:48,0
DA:50,0
DA:51,0
DA:53,0
DA:56,0
DA:59,0
DA:60,0
DA:61,0
DA:62,0
DA:66,2
DA:67,2
DA:68,6
DA:69,6
DA:71,0
DA:76,2
DA:77,2
DA:78,2
DA:79,2
DA:82,2
DA:83,2
DA:85,4
DA:89,0
DA:95,0
DA:100,0
DA:101,0
DA:104,0
DA:105,0
DA:106,0
DA:108,0
DA:110,0
DA:114,0
DA:115,0
DA:118,0
DA:120,0
DA:122,0
DA:123,0
DA:127,0
DA:130,0
DA:132,0
DA:133,0
DA:134,0
DA:135,0
DA:141,2
DA:142,4
DA:143,2
DA:144,2
DA:148,2
DA:150,2
DA:152,0
DA:153,0
DA:156,4
DA:157,2
DA:158,2
DA:160,2
DA:161,6
DA:165,2
DA:166,4
DA:168,1
DA:169,2
DA:171,0
DA:174,0
DA:178,2
DA:180,2
DA:181,4
DA:184,2
DA:186,6
DA:187,2
LF:92
LH:53
end_of_record
SF:lib/src/http_cache_manager.dart
DA:14,2
DA:17,2
DA:19,2
DA:21,2
DA:22,2
DA:23,2
DA:25,2
DA:27,1
DA:28,1
DA:31,2
DA:34,0
DA:37,0
DA:40,2
DA:45,8
DA:47,0
DA:48,0
DA:49,0
DA:51,0
DA:54,2
DA:58,2
DA:59,4
DA:61,2
LF:22
LH:16
end_of_record
SF:lib/src/models/http_cache_obj.dart
DA:14,2
DA:23,2
DA:30,2
DA:31,2
DA:34,2
DA:43,2
DA:44,6
DA:45,2
DA:46,6
DA:50,2
DA:52,4
DA:56,2
DA:58,4
DA:62,1
DA:66,2
DA:67,1
DA:68,1
DA:71,1
DA:72,1
DA:74,2
DA:75,2
LF:21
LH:21
end_of_record
SF:lib/src/models/http_cache_setting.dart
DA:17,2
DA:29,2
DA:30,2
DA:31,2
DA:32,2
DA:36,0
DA:37,0
DA:39,0
DA:40,0
LF:9
LH:5
end_of_record
SF:lib/src/repository/http_local_cache_repository.dart
DA:11,2
LF:1
LH:1
end_of_record
SF:lib/src/utils/builder_dio.dart
DA:7,0
DA:13,0
DA:21,2
DA:27,2
DA:37,2
DA:45,2
DA:46,4
DA:47,0
DA:48,0
DA:50,2
DA:51,8
DA:53,8
DA:56,8
DA:59,0
DA:62,0
DA:65,0
DA:66,0
LF:17
LH:9
end_of_record
SF:lib/src/cache/http_cache.dart
DA:4,2
LF:1
LH:1
end_of_record
SF:lib/src/cache/impl/http_disk_cache_impl.dart
DA:12,2
DA:24,2
DA:25,2
DA:26,2
DA:27,0
DA:28,2
DA:30,4
DA:31,6
DA:32,4
DA:35,4
DA:36,2
DA:37,2
DA:39,4
DA:41,2
DA:44,2
DA:45,4
DA:47,0
DA:48,0
DA:49,0
DA:51,0
DA:56,0
DA:57,0
DA:59,0
DA:60,0
DA:63,0
DA:67,0
DA:68,0
DA:69,0
DA:71,0
DA:74,0
DA:75,0
DA:76,0
DA:79,0
DA:81,0
DA:82,0
DA:83,0
DA:84,0
DA:85,0
DA:86,0
DA:87,0
DA:88,0
DA:93,0
DA:98,2
DA:100,2
DA:104,4
DA:106,6
DA:109,4
DA:110,2
DA:113,2
DA:116,1
DA:117,2
DA:119,1
DA:125,2
DA:127,2
DA:131,2
DA:132,4
DA:134,2
DA:137,2
DA:139,2
DA:143,4
DA:145,6
DA:147,4
DA:148,4
DA:150,4
DA:151,1
DA:154,1
DA:156,1
DA:157,1
DA:160,2
DA:164,4
DA:166,6
DA:168,6
DA:169,2
DA:170,6
DA:173,2
DA:175,2
DA:179,6
LF:77
LH:50
end_of_record
SF:lib/src/const/http_table_column_key.dart
DA:16,2
DA:19,6
DA:20,4
DA:21,6
DA:22,6
DA:23,2
DA:24,4
DA:25,6
DA:26,4
DA:27,4
DA:28,4
DA:29,2
DA:30,2
DA:34,0
DA:36,0
DA:37,0
DA:38,0
DA:39,0
DA:40,0
DA:41,0
DA:42,0
DA:43,0
DA:45,0
LF:23
LH:13
end_of_record
SF:lib/src/utils/cache_utils.dart
DA:9,0
DA:11,2
DA:12,6
DA:13,2
DA:16,1
DA:17,1
DA:18,3
DA:19,1
DA:20,1
DA:22,1
DA:23,2
DA:24,3
DA:32,1
DA:33,1
DA:34,3
DA:36,1
DA:37,1
DA:45,2
DA:46,2
DA:47,0
DA:49,4
DA:52,2
DA:53,6
LF:23
LH:21
end_of_record
SF:lib/src/cache/impl/http_memory_cache_impl.dart
DA:12,1
DA:13,1
DA:16,1
DA:17,3
DA:18,2
DA:21,1
DA:23,1
DA:27,0
DA:28,0
DA:30,1
DA:32,5
DA:36,1
DA:38,3
DA:40,1
DA:42,5
DA:43,1
DA:47,1
DA:48,3
DA:49,1
DA:50,2
DA:51,3
DA:54,1
DA:55,2
DA:56,1
DA:57,0
DA:60,0
DA:61,0
DA:63,1
DA:64,2
DA:65,2
LF:30
LH:25
end_of_record
SF:lib/src/extension/request_options_extension.dart
DA:4,6
DA:5,6
DA:8,2
DA:9,6
DA:10,0
DA:11,4
DA:13,4
DA:16,2
DA:17,6
DA:18,0
DA:19,6
DA:22,4
DA:24,2
DA:25,4
LF:14
LH:12
end_of_record
SF:lib/src/repository/impl/http_local_cache_repository_impl.dart
DA:6,2
DA:12,2
DA:14,4
DA:15,3
DA:16,4
DA:20,1
DA:22,2
DA:23,1
DA:24,2
DA:28,2
DA:30,2
DA:32,2
DA:35,4
DA:36,3
DA:37,4
DA:41,2
DA:43,2
DA:45,2
DA:48,3
DA:51,4
DA:53,1
DA:57,4
DA:58,6
DA:60,4
DA:61,0
DA:66,0
DA:67,0
DA:75,2
DA:78,2
DA:80,2
DA:81,8
DA:87,0
DA:90,0
DA:93,2
DA:95,6
DA:96,0
DA:98,6
DA:99,0
DA:101,6
DA:102,0
DA:103,0
DA:106,2
DA:107,4
DA:108,3
DA:109,4
DA:113,2
DA:116,2
DA:117,2
DA:118,2
DA:119,6
DA:120,6
LF:51
LH:42
end_of_record
